Arguments: 
  /usr/local/Cellar/node/14.13.1_1/bin/node /usr/local/Cellar/yarn/1.22.10/libexec/bin/yarn.js add sass

PATH: 
  /Users/mkhotleng/.rvm/gems/ruby-2.7.0/bin:/Users/mkhotleng/.rvm/gems/ruby-2.7.0@global/bin:/Users/mkhotleng/.rvm/rubies/ruby-2.7.0/bin:/Applications/Visual Studio Code.app/Contents/Resources/app/bin:/usr/local/bin:/usr/bin:/bin:/usr/sbin:/sbin:/Users/mkhotleng/.rvm/gems/ruby-2.7.0/bin:/Users/mkhotleng/.rvm/gems/ruby-2.7.0@global/bin:/Users/mkhotleng/.rvm/rubies/ruby-2.7.0/bin:/Applications/Visual Studio Code.app/Contents/Resources/app/bin:/Users/mkhotleng/.rvm/bin:/Users/mkhotleng/.rvm/bin

Yarn version: 
  1.22.10

Node version: 
  14.13.1

Platform: 
  darwin x64

Trace: 
  Error: getaddrinfo ENOTFOUND registry.yarnpkg.com
      at GetAddrInfoReqWrap.onlookup [as oncomplete] (dns.js:67:26)

npm manifest: 
  {
    "name": "Website",
    "version": "1.0.0",
    "description": "Portfolio Website ",
    "main": "scripts.js",
    "license": "MIT",
    "private": true
  }

yarn manifest: 
  No manifest

Lockfile: 
  No lockfile
